<?xml version="1.0" encoding="UTF-8"?>
<!-- Generated by org.testng.reporters.JUnitReportReporter -->
<testsuite hostname="LAPTOP-ONKLQ2NI" failures="0" tests="1" name="com.Tests.cleartripTest" time="9.820" errors="0" timestamp="2020-10-10T11:21:48 IST" skipped="0">
  <testcase classname="com.Tests.cleartripTest" name="f" time="9.820"/>
  <system-out/>
</testsuite> <!-- com.Tests.cleartripTest -->
