<?xml version="1.0" encoding="UTF-8"?>
<!-- Generated by org.testng.reporters.JUnitReportReporter -->
<testsuite skipped="0" hostname="DESKTOP-4NCRP9U" name="com.BMW_Tests.BMW_Testing2" tests="1" failures="0" timestamp="2020-03-09T16:01:15 IST" time="13.276" errors="0">
  <testcase name="f" time="13.276" classname="com.BMW_Tests.BMW_Testing2"/>
  <system-out/>
</testsuite> <!-- com.BMW_Tests.BMW_Testing2 -->
