<?xml version="1.0" encoding="UTF-8"?>
<!-- Generated by org.testng.reporters.JUnitReportReporter -->
<testsuite skipped="0" hostname="DESKTOP-4NCRP9U" name="com.BMW_Tests.BMW_Testing" tests="1" failures="0" timestamp="2020-03-09T16:01:15 IST" time="2.057" errors="0">
  <testcase name="f" time="2.057" classname="com.BMW_Tests.BMW_Testing"/>
  <system-out/>
</testsuite> <!-- com.BMW_Tests.BMW_Testing -->
